[2024-10-24T13:02:08.730Z] GET /api/orders/671a36d7f08d1b5e8eb92b9b/export
[2024-10-24T13:02:08.730Z] Response: 200 "orderNumber","name","productName","quantity","price","totalPrice","category"
"ORD1729771223605","N/A","Shower Curtains Set",1,11.42,11.42,"Bathroom"
"ORD1729771223605","N/A","Bed Skirt King",2,20.57,41.14,"Bed Skirts"
"ORD1729771223605","N/A","Protector King",4,2.24,8.96,"Protectors"
[2024-10-24T13:26:56.169Z] GET /api/orders
[2024-10-24T13:26:56.169Z] Response: 304 
[2024-10-24T13:26:56.219Z] GET /api/orders
[2024-10-24T13:26:56.219Z] Response: 304 
[2024-10-24T13:26:56.854Z] GET /api/products
[2024-10-24T13:26:56.854Z] Response: 304 
[2024-10-24T13:26:56.867Z] GET /api/products
[2024-10-24T13:26:56.867Z] Response: 304 
[2024-10-24T13:26:58.318Z] GET /api/products
[2024-10-24T13:26:58.318Z] Response: 304 
[2024-10-24T13:26:58.328Z] GET /api/products
[2024-10-24T13:26:58.328Z] Response: 304 
[2024-10-24T13:27:24.436Z] GET /api/products
[2024-10-24T13:27:24.436Z] Response: 304 
[2024-10-24T13:27:24.446Z] GET /api/products
[2024-10-24T13:27:24.446Z] Response: 304 
[2024-10-24T13:38:52.497Z] GET /api/products
[2024-10-24T13:38:52.497Z] Response: 401 {"message":"User not found"}
[2024-10-24T13:38:52.731Z] GET /api/products
[2024-10-24T13:38:52.731Z] Response: 401 {"message":"User not found"}
[2024-10-24T13:38:56.177Z] POST /api/auth/login
[2024-10-24T13:38:56.177Z] Response: 400 {"message":"User not found"}
[2024-10-24T13:39:02.944Z] POST /api/auth/register
[2024-10-24T13:39:02.944Z] Response: 201 {"message":"User created successfully","token":"eyJhbGciOiJIUzI1NiIsInR5cCI6IkpXVCJ9.eyJpZCI6IjY3MWE0ZGY3N2Y1YjUxOGQwZDA3YjI3YiIsImlhdCI6MTcyOTc3NzE0MywiZXhwIjoxNzI5ODYzNTQzfQ.ntqamiRNqXBHzRIxJ4KOC0mCto8A5-Wg7h_S663Xs1I"}
[2024-10-24T13:39:03.732Z] GET /api/orders
[2024-10-24T13:39:03.732Z] Response: 200 []
[2024-10-24T13:39:04.132Z] GET /api/orders
[2024-10-24T13:39:04.132Z] Response: 304 
[2024-10-24T13:42:18.567Z] GET /api/orders
[2024-10-24T13:42:18.567Z] Response: 401 {"message":"User not found"}
[2024-10-24T13:42:18.765Z] GET /api/orders
[2024-10-24T13:42:18.765Z] Response: 401 {"message":"User not found"}
[2024-10-24T13:42:21.895Z] POST /api/auth/login
[2024-10-24T13:42:21.895Z] Response: 200 {"token":"eyJhbGciOiJIUzI1NiIsInR5cCI6IkpXVCJ9.eyJpZCI6IjY3MWEyNWJmYjQxOTU4MTA3YzFhNDI5OSIsImlhdCI6MTcyOTc3NzM0MiwiZXhwIjoxNzI5ODYzNzQyfQ.4gXqCRl3NgozFpAm-l6LYOWWU6apbdmzFkO8Td97Di4"}
[2024-10-24T13:42:22.440Z] GET /api/orders
[2024-10-24T13:42:22.440Z] Response: 200 []
[2024-10-24T13:42:22.831Z] GET /api/orders
[2024-10-24T13:42:22.831Z] Response: 304 
[2024-10-24T13:42:26.741Z] GET /api/products
[2024-10-24T13:42:26.741Z] Response: 200 [{"_id":"671a32bdd291d11dd21327eb","name":"Shower Curtains Set","nameEs":"Juego de Cortinas de Ducha","price":11.42,"category":"Bathroom","createdAt":"2024-10-24T11:42:53.664Z","__v":0},{"_id":"671a32bdd291d11dd21327e8","name":"Bed Skirt King","nameEs":"Falda de Cama King","price":20.57,"category":"Bed Skirts","createdAt":"2024-10-24T11:42:53.664Z","__v":0},{"_id":"671a32bdd291d11dd21327e9","name":"Bed Skirt Queen","nameEs":"Falda de Cama Queen","price":17.14,"category":"Bed Skirts","createdAt":"2024-10-24T11:42:53.664Z","__v":0},{"_id":"671a32bdd291d11dd21327ea","name":"Bed Skirt Twin","nameEs":"Falda de Cama Twin","price":14.28,"category":"Bed Skirts","createdAt":"2024-10-24T11:42:53.664Z","__v":0},{"_id":"671a32bdd291d11dd21327db","name":"Blanket King","nameEs":"Manta King","price":18.28,"category":"Blankets","createdAt":"2024-10-24T11:42:53.663Z","__v":0},{"_id":"671a32bdd291d11dd21327dc","name":"Blanket Queen","nameEs":"Manta Queen","price":16,"category":"Blankets","createdAt":"2024-10-24T11:42:53.663Z","__v":0},{"_id":"671a32bdd291d11dd21327dd","name":"Blanket Twin","nameEs":"Manta Twin","price":13.72,"category":"Blankets","createdAt":"2024-10-24T11:42:53.663Z","__v":0},{"_id":"671a32bdd291d11dd21327de","name":"Throws","nameEs":"Cobijas","price":9.94,"category":"Blankets","createdAt":"2024-10-24T11:42:53.663Z","__v":0},{"_id":"671a32bdd291d11dd21327e2","name":"Comforter/Duvet Insert King","nameEs":"Edredón King","price":41.14,"category":"Comforters","createdAt":"2024-10-24T11:42:53.664Z","__v":0},{"_id":"671a32bdd291d11dd21327e3","name":"Comforter/Duvet Insert Queen","nameEs":"Edredón Queen","price":36.56,"category":"Comforters","createdAt":"2024-10-24T11:42:53.664Z","__v":0},{"_id":"671a32bdd291d11dd21327e4","name":"Comforter/Duvet Insert Twin","nameEs":"Edredón Twin","price":27.42,"category":"Comforters","createdAt":"2024-10-24T11:42:53.664Z","__v":0},{"_id":"671a32bdd291d11dd21327f4","name":"Curtains Per SQ/FT","nameEs":"Cortinas Por Pie Cuadrado","price":3.28,"category":"Curtains","createdAt":"2024-10-24T11:42:53.664Z","__v":0},{"_id":"671a32bdd291d11dd21327f5","name":"Curtains Set","nameEs":"Juego de Cortinas","price":7.54,"category":"Curtains","createdAt":"2024-10-24T11:42:53.664Z","__v":0},{"_id":"671a32bdd291d11dd21327f6","name":"Panels and Curtains Each","nameEs":"Paneles y Cortinas Individual","price":4.48,"category":"Curtains","createdAt":"2024-10-24T11:42:53.664Z","__v":0},{"_id":"671a32bdd291d11dd21327df","name":"Duvet Cover King","nameEs":"Funda Nórdica King","price":27.42,"category":"Duvet Covers","createdAt":"2024-10-24T11:42:53.663Z","__v":0},{"_id":"671a32bdd291d11dd21327e0","name":"Duvet Cover Queen","nameEs":"Funda Nórdica Queen","price":20.57,"category":"Duvet Covers","createdAt":"2024-10-24T11:42:53.663Z","__v":0},{"_id":"671a32bdd291d11dd21327e1","name":"Duvet Cover Twin","nameEs":"Funda Nórdica Twin","price":16,"category":"Duvet Covers","createdAt":"2024-10-24T11:42:53.664Z","__v":0},{"_id":"671a32bdd291d11dd21327ee","name":"Cloth Napkins","nameEs":"Servilletas de Tela","price":2.28,"category":"Kitchen","createdAt":"2024-10-24T11:42:53.664Z","__v":0},{"_id":"671a32bdd291d11dd21327ec","name":"Placemats & Hotpads","nameEs":"Manteles Individuales y Agarraderas","price":2.28,"category":"Kitchen","createdAt":"2024-10-24T11:42:53.664Z","__v":0},{"_id":"671a32bdd291d11dd21327ed","name":"Runners & Aprons","nameEs":"Caminos de Mesa y Delantales","price":2.28,"category":"Kitchen","createdAt":"2024-10-24T11:42:53.664Z","__v":0},{"_id":"671a32bdd291d11dd21327d8","name":"Mattress Pad King","nameEs":"Protector de Colchón King","price":18.29,"category":"Mattress Pads","createdAt":"2024-10-24T11:42:53.662Z","__v":0},{"_id":"671a32bdd291d11dd21327d9","name":"Mattress Pad Queen","nameEs":"Protector de Colchón Queen","price":16,"category":"Mattress Pads","createdAt":"2024-10-24T11:42:53.663Z","__v":0},{"_id":"671a32bdd291d11dd21327da","name":"Mattress Pad Twin","nameEs":"Protector de Colchón Twin","price":13.72,"category":"Mattress Pads","createdAt":"2024-10-24T11:42:53.663Z","__v":0},{"_id":"671a32bdd291d11dd21327fb","name":"Decorative Pillow","nameEs":"Almohada Decorativa","price":6.37,"category":"Miscellaneous","createdAt":"2024-10-24T11:42:53.664Z","__v":0},{"_id":"671a32bdd291d11dd21327f7","name":"Robes","nameEs":"Batas","price":5.47,"category":"Miscellaneous","createdAt":"2024-10-24T11:42:53.664Z","__v":0},{"_id":"671a32bdd291d11dd21327f8","name":"Towels","nameEs":"Toallas","price":5.47,"category":"Miscellaneous","createdAt":"2024-10-24T11:42:53.664Z","__v":0},{"_id":"671a32bdd291d11dd21327e5","name":"Pillow Sham King","nameEs":"Funda de Almohada Decorativa King","price":6.85,"category":"Pillow Shams","createdAt":"2024-10-24T11:42:53.664Z","__v":0},{"_id":"671a32bdd291d11dd21327e7","name":"Pillow Sham Small","nameEs":"Funda de Almohada Decorativa Pequeña","price":5.71,"category":"Pillow Shams","createdAt":"2024-10-24T11:42:53.664Z","__v":0},{"_id":"671a32bdd291d11dd21327e6","name":"Pillow Sham Standard","nameEs":"Funda de Almohada Decorativa Estándar","price":6.85,"category":"Pillow Shams","createdAt":"2024-10-24T11:42:53.664Z","__v":0},{"_id":"671a32bdd291d11dd21327fa","name":"Protector King","nameEs":"Protector King","price":2.24,"category":"Protectors","createdAt":"2024-10-24T11:42:53.664Z","__v":0},{"_id":"671a32bdd291d11dd21327f9","name":"Protector Standard","nameEs":"Protector Estándar","price":1.87,"category":"Protectors","createdAt":"2024-10-24T11:42:53.664Z","__v":0},{"_id":"671a32bdd291d11dd21327f0","name":"Rug/Bathmat Large","nameEs":"Alfombra/Tapete de Baño Grande","price":8.05,"category":"Rugs","createdAt":"2024-10-24T11:42:53.664Z","__v":0},{"_id":"671a32bdd291d11dd21327ef","name":"Rug/Bathmat Standard","nameEs":"Alfombra/Tapete de Baño Estándar","price":6.77,"category":"Rugs","createdAt":"2024-10-24T11:42:53.664Z","__v":0},{"_id":"671a32bdd291d11dd21327f1","name":"Rug/Bathmat X-Large","nameEs":"Alfombra/Tapete de Baño Extra Grande","price":23.93,"category":"Rugs","createdAt":"2024-10-24T11:42:53.664Z","__v":0},{"_id":"671a32bdd291d11dd21327fd","name":"Minimum Mending Or Ironing Charge","nameEs":"Cargo Mínimo por Reparación o Planchado","price":28.81,"category":"Services","createdAt":"2024-10-24T11:42:53.664Z","__v":0},{"_id":"671a32bdd291d11dd21327fc","name":"Price per Pound","nameEs":"Precio por Libra","price":3,"category":"Services","createdAt":"2024-10-24T11:42:53.664Z","__v":0},{"_id":"671a32bdd291d11dd21327f3","name":"Table Cloth Large","nameEs":"Mantel Grande","price":18.29,"category":"Table Cloths","createdAt":"2024-10-24T11:42:53.664Z","__v":0},{"_id":"671a32bdd291d11dd21327f2","name":"Table Cloth Small","nameEs":"Mantel Pequeño","price":10.28,"category":"Table Cloths","createdAt":"2024-10-24T11:42:53.664Z","__v":0}]
[2024-10-24T13:42:27.142Z] GET /api/products
[2024-10-24T13:42:27.142Z] Response: 304 
[2024-10-24T13:42:38.961Z] GET /api/orders
[2024-10-24T13:42:38.961Z] Response: 304 
[2024-10-24T13:42:39.362Z] GET /api/orders
[2024-10-24T13:42:39.362Z] Response: 304 
[2024-10-24T13:42:43.776Z] GET /api/products
[2024-10-24T13:42:43.776Z] Response: 304 
[2024-10-24T13:42:44.173Z] GET /api/products
[2024-10-24T13:42:44.173Z] Response: 304 
[2024-10-24T13:42:48.102Z] POST /api/orders
[2024-10-24T13:42:48.102Z] Response: 201 {"orderNumber":"ORD1729777368491","user":"671a25bfb41958107c1a4299","items":[{"product":{"_id":"671a32bdd291d11dd21327eb","name":"Shower Curtains Set","nameEs":"Juego de Cortinas de Ducha","price":11.42,"category":"Bathroom","createdAt":"2024-10-24T11:42:53.664Z","__v":0},"name":"Shower Curtains Set","quantity":2,"price":11.42,"_id":"671a4ed87f5b518d0d07b298"},{"product":{"_id":"671a32bdd291d11dd21327e8","name":"Bed Skirt King","nameEs":"Falda de Cama King","price":20.57,"category":"Bed Skirts","createdAt":"2024-10-24T11:42:53.664Z","__v":0},"name":"Bed Skirt King","quantity":1,"price":20.57,"_id":"671a4ed87f5b518d0d07b299"}],"total":43.41,"_id":"671a4ed87f5b518d0d07b297","createdAt":"2024-10-24T13:42:48.505Z","__v":0}
[2024-10-24T13:42:48.939Z] GET /api/orders
[2024-10-24T13:42:48.939Z] Response: 200 [{"_id":"671a4ed87f5b518d0d07b297","orderNumber":"ORD1729777368491","user":"671a25bfb41958107c1a4299","items":[{"product":{"_id":"671a32bdd291d11dd21327eb","name":"Shower Curtains Set","nameEs":"Juego de Cortinas de Ducha","price":11.42,"category":"Bathroom","createdAt":"2024-10-24T11:42:53.664Z","__v":0},"name":"Shower Curtains Set","quantity":2,"price":11.42,"_id":"671a4ed87f5b518d0d07b298"},{"product":{"_id":"671a32bdd291d11dd21327e8","name":"Bed Skirt King","nameEs":"Falda de Cama King","price":20.57,"category":"Bed Skirts","createdAt":"2024-10-24T11:42:53.664Z","__v":0},"name":"Bed Skirt King","quantity":1,"price":20.57,"_id":"671a4ed87f5b518d0d07b299"}],"total":43.41,"createdAt":"2024-10-24T13:42:48.505Z","__v":0}]
[2024-10-24T13:42:49.531Z] GET /api/orders
[2024-10-24T13:42:49.531Z] Response: 304 
[2024-10-24T13:42:50.972Z] GET /api/products
[2024-10-24T13:42:50.972Z] Response: 304 
[2024-10-24T13:42:51.368Z] GET /api/products
[2024-10-24T13:42:51.368Z] Response: 304 
[2024-10-24T13:42:56.757Z] POST /api/orders
[2024-10-24T13:42:56.757Z] Response: 201 {"name":"Asa da","orderNumber":"ORD1729777377147","user":"671a25bfb41958107c1a4299","items":[{"product":{"_id":"671a32bdd291d11dd21327eb","name":"Shower Curtains Set","nameEs":"Juego de Cortinas de Ducha","price":11.42,"category":"Bathroom","createdAt":"2024-10-24T11:42:53.664Z","__v":0},"name":"Shower Curtains Set","quantity":2,"price":11.42,"_id":"671a4ee17f5b518d0d07b2ae"},{"product":{"_id":"671a32bdd291d11dd21327e8","name":"Bed Skirt King","nameEs":"Falda de Cama King","price":20.57,"category":"Bed Skirts","createdAt":"2024-10-24T11:42:53.664Z","__v":0},"name":"Bed Skirt King","quantity":3,"price":20.57,"_id":"671a4ee17f5b518d0d07b2af"}],"total":84.55,"_id":"671a4ee17f5b518d0d07b2ad","createdAt":"2024-10-24T13:42:57.150Z","__v":0}
[2024-10-24T13:42:57.573Z] GET /api/orders
[2024-10-24T13:42:57.573Z] Response: 200 [{"_id":"671a4ee17f5b518d0d07b2ad","name":"Asa da","orderNumber":"ORD1729777377147","user":"671a25bfb41958107c1a4299","items":[{"product":{"_id":"671a32bdd291d11dd21327eb","name":"Shower Curtains Set","nameEs":"Juego de Cortinas de Ducha","price":11.42,"category":"Bathroom","createdAt":"2024-10-24T11:42:53.664Z","__v":0},"name":"Shower Curtains Set","quantity":2,"price":11.42,"_id":"671a4ee17f5b518d0d07b2ae"},{"product":{"_id":"671a32bdd291d11dd21327e8","name":"Bed Skirt King","nameEs":"Falda de Cama King","price":20.57,"category":"Bed Skirts","createdAt":"2024-10-24T11:42:53.664Z","__v":0},"name":"Bed Skirt King","quantity":3,"price":20.57,"_id":"671a4ee17f5b518d0d07b2af"}],"total":84.55,"createdAt":"2024-10-24T13:42:57.150Z","__v":0},{"_id":"671a4ed87f5b518d0d07b297","orderNumber":"ORD1729777368491","user":"671a25bfb41958107c1a4299","items":[{"product":{"_id":"671a32bdd291d11dd21327eb","name":"Shower Curtains Set","nameEs":"Juego de Cortinas de Ducha","price":11.42,"category":"Bathroom","createdAt":"2024-10-24T11:42:53.664Z","__v":0},"name":"Shower Curtains Set","quantity":2,"price":11.42,"_id":"671a4ed87f5b518d0d07b298"},{"product":{"_id":"671a32bdd291d11dd21327e8","name":"Bed Skirt King","nameEs":"Falda de Cama King","price":20.57,"category":"Bed Skirts","createdAt":"2024-10-24T11:42:53.664Z","__v":0},"name":"Bed Skirt King","quantity":1,"price":20.57,"_id":"671a4ed87f5b518d0d07b299"}],"total":43.41,"createdAt":"2024-10-24T13:42:48.505Z","__v":0}]
[2024-10-24T13:42:58.163Z] GET /api/orders
[2024-10-24T13:42:58.163Z] Response: 304 
[2024-10-24T13:43:01.024Z] GET /api/orders/671a4ee17f5b518d0d07b2ad
[2024-10-24T13:43:01.024Z] Response: 200 {"_id":"671a4ee17f5b518d0d07b2ad","name":"Asa da","orderNumber":"ORD1729777377147","user":"671a25bfb41958107c1a4299","items":[{"product":{"_id":"671a32bdd291d11dd21327eb","name":"Shower Curtains Set","nameEs":"Juego de Cortinas de Ducha","price":11.42,"category":"Bathroom","createdAt":"2024-10-24T11:42:53.664Z","__v":0},"name":"Shower Curtains Set","quantity":2,"price":11.42,"_id":"671a4ee17f5b518d0d07b2ae"},{"product":{"_id":"671a32bdd291d11dd21327e8","name":"Bed Skirt King","nameEs":"Falda de Cama King","price":20.57,"category":"Bed Skirts","createdAt":"2024-10-24T11:42:53.664Z","__v":0},"name":"Bed Skirt King","quantity":3,"price":20.57,"_id":"671a4ee17f5b518d0d07b2af"}],"total":84.55,"createdAt":"2024-10-24T13:42:57.150Z","__v":0}
[2024-10-24T13:43:01.619Z] GET /api/orders/671a4ee17f5b518d0d07b2ad
[2024-10-24T13:43:01.619Z] Response: 304 
[2024-10-24T13:43:05.185Z] GET /api/orders
[2024-10-24T13:43:05.185Z] Response: 304 
[2024-10-24T13:43:05.779Z] GET /api/orders
[2024-10-24T13:43:05.779Z] Response: 304 
[2024-10-24T13:43:06.892Z] GET /api/products
[2024-10-24T13:43:06.892Z] Response: 304 
[2024-10-24T13:43:07.297Z] GET /api/products
[2024-10-24T13:43:07.297Z] Response: 304 
[2024-10-24T13:43:08.449Z] GET /api/products
[2024-10-24T13:43:08.449Z] Response: 304 
[2024-10-24T13:43:08.850Z] GET /api/products
[2024-10-24T13:43:08.850Z] Response: 304 
[2024-10-24T13:43:11.010Z] GET /api/orders
[2024-10-24T13:43:11.010Z] Response: 304 
[2024-10-24T13:43:11.610Z] GET /api/orders
[2024-10-24T13:43:11.610Z] Response: 304 
[2024-10-24T13:56:03.628Z] GET /api/orders
[2024-10-24T13:56:03.628Z] Response: 304 
[2024-10-24T13:56:04.269Z] GET /api/orders
[2024-10-24T13:56:04.269Z] Response: 304 
[2024-10-24T13:57:35.844Z] GET /api/orders
[2024-10-24T13:57:35.844Z] Response: 304 
[2024-10-24T13:57:36.522Z] GET /api/orders
[2024-10-24T13:57:36.522Z] Response: 304 
[2024-10-24T13:57:37.793Z] GET /api/orders
[2024-10-24T13:57:37.793Z] Response: 304 
[2024-10-24T13:57:38.427Z] GET /api/orders
[2024-10-24T13:57:38.427Z] Response: 304 
[2024-10-24T13:57:39.230Z] GET /api/products
[2024-10-24T13:57:39.230Z] Response: 304 
[2024-10-24T13:57:39.660Z] GET /api/products
[2024-10-24T13:57:39.660Z] Response: 304 
[2024-10-24T14:25:15.690Z] GET /api/products
[2024-10-24T14:25:15.690Z] Response: 304 
[2024-10-24T14:25:16.122Z] GET /api/products
[2024-10-24T14:25:16.122Z] Response: 304 
[2024-10-24T14:25:21.659Z] GET /api/products
[2024-10-24T14:25:21.659Z] Response: 304 
[2024-10-24T14:25:22.057Z] GET /api/products
[2024-10-24T14:25:22.057Z] Response: 304 
[2024-10-24T14:25:49.725Z] GET /api/products
[2024-10-24T14:25:49.725Z] Response: 304 
[2024-10-24T14:25:50.127Z] GET /api/products
[2024-10-24T14:25:50.127Z] Response: 304 
[2024-10-24T14:25:55.440Z] GET /api/orders
[2024-10-24T14:25:55.440Z] Response: 304 
[2024-10-24T14:25:56.029Z] GET /api/orders
[2024-10-24T14:25:56.029Z] Response: 304 
[2024-10-24T14:26:43.643Z] GET /api/products
[2024-10-24T14:26:43.643Z] Response: 304 
[2024-10-24T14:26:44.080Z] GET /api/products
[2024-10-24T14:26:44.080Z] Response: 304 
[2024-10-24T14:27:09.407Z] GET /api/products
[2024-10-24T14:27:09.407Z] Response: 304 
[2024-10-24T14:27:29.296Z] GET /api/products
[2024-10-24T14:27:29.296Z] Response: 304 
[2024-10-24T14:27:30.179Z] GET /api/products
[2024-10-24T14:27:30.179Z] Response: 304 
[2024-10-24T14:27:32.876Z] GET /api/products
[2024-10-24T14:27:32.876Z] Response: 304 
[2024-10-24T14:27:33.812Z] GET /api/products
[2024-10-24T14:27:33.812Z] Response: 304 
[2024-10-24T14:28:29.981Z] GET /api/products
[2024-10-24T14:28:29.981Z] Response: 304 
[2024-10-24T14:44:12.247Z] GET /api/products
[2024-10-24T14:44:12.247Z] Response: 304 
[2024-10-24T14:44:13.217Z] GET /api/products
[2024-10-24T14:44:13.217Z] Response: 304 
[2024-10-24T14:44:14.332Z] GET /api/products
[2024-10-24T14:44:14.332Z] Response: 304 
[2024-10-24T14:44:15.636Z] GET /api/orders
[2024-10-24T14:44:15.636Z] Response: 200 [{"_id":"671a5a090cd1cfd3fbb47f16","orderNumber":"ORD1729780233293","user":"671a25bfb41958107c1a4299","items":[{"product":{"_id":"671a32bdd291d11dd21327eb","name":"Shower Curtains Set","nameEs":"Juego de Cortinas de Ducha","price":11.42,"category":"Bathroom","createdAt":"2024-10-24T11:42:53.664Z","__v":0},"name":"Shower Curtains Set","quantity":1,"price":11.42,"_id":"671a5a090cd1cfd3fbb47f17"},{"product":{"_id":"671a32bdd291d11dd21327e9","name":"Bed Skirt Queen","nameEs":"Falda de Cama Queen","price":17.14,"category":"Bed Skirts","createdAt":"2024-10-24T11:42:53.664Z","__v":0},"name":"Bed Skirt Queen","quantity":1,"price":17.14,"_id":"671a5a090cd1cfd3fbb47f18"},{"product":{"_id":"671a32bdd291d11dd21327db","name":"Blanket King","nameEs":"Manta King","price":18.28,"category":"Blankets","createdAt":"2024-10-24T11:42:53.663Z","__v":0},"name":"Blanket King","quantity":3,"price":18.28,"_id":"671a5a090cd1cfd3fbb47f19"},{"product":{"_id":"671a32bdd291d11dd21327e8","name":"Bed Skirt King","nameEs":"Falda de Cama King","price":20.57,"category":"Bed Skirts","createdAt":"2024-10-24T11:42:53.664Z","__v":0},"name":"Bed Skirt King","quantity":3,"price":20.57,"_id":"671a5a090cd1cfd3fbb47f1a"}],"total":145.11,"createdAt":"2024-10-24T14:30:33.340Z","__v":0},{"_id":"671a4ee17f5b518d0d07b2ad","name":"Asa da","orderNumber":"ORD1729777377147","user":"671a25bfb41958107c1a4299","items":[{"product":{"_id":"671a32bdd291d11dd21327eb","name":"Shower Curtains Set","nameEs":"Juego de Cortinas de Ducha","price":11.42,"category":"Bathroom","createdAt":"2024-10-24T11:42:53.664Z","__v":0},"name":"Shower Curtains Set","quantity":2,"price":11.42,"_id":"671a4ee17f5b518d0d07b2ae"},{"product":{"_id":"671a32bdd291d11dd21327e8","name":"Bed Skirt King","nameEs":"Falda de Cama King","price":20.57,"category":"Bed Skirts","createdAt":"2024-10-24T11:42:53.664Z","__v":0},"name":"Bed Skirt King","quantity":3,"price":20.57,"_id":"671a4ee17f5b518d0d07b2af"}],"total":84.55,"createdAt":"2024-10-24T13:42:57.150Z","__v":0},{"_id":"671a4ed87f5b518d0d07b297","orderNumber":"ORD1729777368491","user":"671a25bfb41958107c1a4299","items":[{"product":{"_id":"671a32bdd291d11dd21327eb","name":"Shower Curtains Set","nameEs":"Juego de Cortinas de Ducha","price":11.42,"category":"Bathroom","createdAt":"2024-10-24T11:42:53.664Z","__v":0},"name":"Shower Curtains Set","quantity":2,"price":11.42,"_id":"671a4ed87f5b518d0d07b298"},{"product":{"_id":"671a32bdd291d11dd21327e8","name":"Bed Skirt King","nameEs":"Falda de Cama King","price":20.57,"category":"Bed Skirts","createdAt":"2024-10-24T11:42:53.664Z","__v":0},"name":"Bed Skirt King","quantity":1,"price":20.57,"_id":"671a4ed87f5b518d0d07b299"}],"total":43.41,"createdAt":"2024-10-24T13:42:48.505Z","__v":0}]
[2024-10-24T14:44:16.277Z] GET /api/orders
[2024-10-24T14:44:16.277Z] Response: 304 
[2024-10-24T14:44:39.772Z] GET /api/orders
[2024-10-24T14:44:39.772Z] Response: 304 
[2024-10-24T14:44:40.382Z] GET /api/orders
[2024-10-24T14:44:40.382Z] Response: 304 
[2024-10-24T14:44:49.234Z] GET /api/orders/671a5a090cd1cfd3fbb47f16
[2024-10-24T14:44:49.234Z] Response: 200 {"_id":"671a5a090cd1cfd3fbb47f16","orderNumber":"ORD1729780233293","user":"671a25bfb41958107c1a4299","items":[{"product":{"_id":"671a32bdd291d11dd21327eb","name":"Shower Curtains Set","nameEs":"Juego de Cortinas de Ducha","price":11.42,"category":"Bathroom","createdAt":"2024-10-24T11:42:53.664Z","__v":0},"name":"Shower Curtains Set","quantity":1,"price":11.42,"_id":"671a5a090cd1cfd3fbb47f17"},{"product":{"_id":"671a32bdd291d11dd21327e9","name":"Bed Skirt Queen","nameEs":"Falda de Cama Queen","price":17.14,"category":"Bed Skirts","createdAt":"2024-10-24T11:42:53.664Z","__v":0},"name":"Bed Skirt Queen","quantity":1,"price":17.14,"_id":"671a5a090cd1cfd3fbb47f18"},{"product":{"_id":"671a32bdd291d11dd21327db","name":"Blanket King","nameEs":"Manta King","price":18.28,"category":"Blankets","createdAt":"2024-10-24T11:42:53.663Z","__v":0},"name":"Blanket King","quantity":3,"price":18.28,"_id":"671a5a090cd1cfd3fbb47f19"},{"product":{"_id":"671a32bdd291d11dd21327e8","name":"Bed Skirt King","nameEs":"Falda de Cama King","price":20.57,"category":"Bed Skirts","createdAt":"2024-10-24T11:42:53.664Z","__v":0},"name":"Bed Skirt King","quantity":3,"price":20.57,"_id":"671a5a090cd1cfd3fbb47f1a"}],"total":145.11,"createdAt":"2024-10-24T14:30:33.340Z","__v":0}
[2024-10-24T14:44:49.851Z] GET /api/orders/671a5a090cd1cfd3fbb47f16
[2024-10-24T14:44:49.851Z] Response: 304 
[2024-10-24T14:44:58.100Z] GET /api/orders
[2024-10-24T14:44:58.100Z] Response: 304 
[2024-10-24T14:44:58.708Z] GET /api/orders
[2024-10-24T14:44:58.708Z] Response: 304 
[2024-10-24T14:45:00.663Z] GET /api/products
[2024-10-24T14:45:00.663Z] Response: 304 
[2024-10-24T14:45:01.070Z] GET /api/products
[2024-10-24T14:45:01.070Z] Response: 304 
[2024-10-24T14:45:20.634Z] GET /api/products
[2024-10-24T14:45:20.634Z] Response: 304 
[2024-10-24T14:45:43.377Z] GET /api/products
[2024-10-24T14:45:43.377Z] Response: 304 
[2024-10-24T14:46:02.653Z] POST /api/orders
[2024-10-24T14:46:02.653Z] Response: 201 {"name":"Order Nou","orderNumber":"ORD1729781163056","user":"671a25bfb41958107c1a4299","items":[{"product":{"_id":"671a32bdd291d11dd21327f7","name":"Robes","nameEs":"Batas","price":5.47,"category":"Miscellaneous","createdAt":"2024-10-24T11:42:53.664Z","__v":0},"name":"Robes","quantity":3,"price":5.47,"_id":"671a5daba9867a561971daeb"},{"product":{"_id":"671a32bdd291d11dd21327fb","name":"Decorative Pillow","nameEs":"Almohada Decorativa","price":6.37,"category":"Miscellaneous","createdAt":"2024-10-24T11:42:53.664Z","__v":0},"name":"Decorative Pillow","quantity":2,"price":6.37,"_id":"671a5daba9867a561971daec"},{"product":{"_id":"671a32bdd291d11dd21327e5","name":"Pillow Sham King","nameEs":"Funda de Almohada Decorativa King","price":6.85,"category":"Pillow Shams","createdAt":"2024-10-24T11:42:53.664Z","__v":0},"name":"Pillow Sham King","quantity":3,"price":6.85,"_id":"671a5daba9867a561971daed"}],"total":49.699999999999996,"_id":"671a5daba9867a561971daea","createdAt":"2024-10-24T14:46:03.068Z","__v":0}
[2024-10-24T14:46:03.530Z] GET /api/orders
[2024-10-24T14:46:03.530Z] Response: 200 [{"_id":"671a5daba9867a561971daea","name":"Order Nou","orderNumber":"ORD1729781163056","user":"671a25bfb41958107c1a4299","items":[{"product":{"_id":"671a32bdd291d11dd21327f7","name":"Robes","nameEs":"Batas","price":5.47,"category":"Miscellaneous","createdAt":"2024-10-24T11:42:53.664Z","__v":0},"name":"Robes","quantity":3,"price":5.47,"_id":"671a5daba9867a561971daeb"},{"product":{"_id":"671a32bdd291d11dd21327fb","name":"Decorative Pillow","nameEs":"Almohada Decorativa","price":6.37,"category":"Miscellaneous","createdAt":"2024-10-24T11:42:53.664Z","__v":0},"name":"Decorative Pillow","quantity":2,"price":6.37,"_id":"671a5daba9867a561971daec"},{"product":{"_id":"671a32bdd291d11dd21327e5","name":"Pillow Sham King","nameEs":"Funda de Almohada Decorativa King","price":6.85,"category":"Pillow Shams","createdAt":"2024-10-24T11:42:53.664Z","__v":0},"name":"Pillow Sham King","quantity":3,"price":6.85,"_id":"671a5daba9867a561971daed"}],"total":49.699999999999996,"createdAt":"2024-10-24T14:46:03.068Z","__v":0},{"_id":"671a5a090cd1cfd3fbb47f16","orderNumber":"ORD1729780233293","user":"671a25bfb41958107c1a4299","items":[{"product":{"_id":"671a32bdd291d11dd21327eb","name":"Shower Curtains Set","nameEs":"Juego de Cortinas de Ducha","price":11.42,"category":"Bathroom","createdAt":"2024-10-24T11:42:53.664Z","__v":0},"name":"Shower Curtains Set","quantity":1,"price":11.42,"_id":"671a5a090cd1cfd3fbb47f17"},{"product":{"_id":"671a32bdd291d11dd21327e9","name":"Bed Skirt Queen","nameEs":"Falda de Cama Queen","price":17.14,"category":"Bed Skirts","createdAt":"2024-10-24T11:42:53.664Z","__v":0},"name":"Bed Skirt Queen","quantity":1,"price":17.14,"_id":"671a5a090cd1cfd3fbb47f18"},{"product":{"_id":"671a32bdd291d11dd21327db","name":"Blanket King","nameEs":"Manta King","price":18.28,"category":"Blankets","createdAt":"2024-10-24T11:42:53.663Z","__v":0},"name":"Blanket King","quantity":3,"price":18.28,"_id":"671a5a090cd1cfd3fbb47f19"},{"product":{"_id":"671a32bdd291d11dd21327e8","name":"Bed Skirt King","nameEs":"Falda de Cama King","price":20.57,"category":"Bed Skirts","createdAt":"2024-10-24T11:42:53.664Z","__v":0},"name":"Bed Skirt King","quantity":3,"price":20.57,"_id":"671a5a090cd1cfd3fbb47f1a"}],"total":145.11,"createdAt":"2024-10-24T14:30:33.340Z","__v":0},{"_id":"671a4ee17f5b518d0d07b2ad","name":"Asa da","orderNumber":"ORD1729777377147","user":"671a25bfb41958107c1a4299","items":[{"product":{"_id":"671a32bdd291d11dd21327eb","name":"Shower Curtains Set","nameEs":"Juego de Cortinas de Ducha","price":11.42,"category":"Bathroom","createdAt":"2024-10-24T11:42:53.664Z","__v":0},"name":"Shower Curtains Set","quantity":2,"price":11.42,"_id":"671a4ee17f5b518d0d07b2ae"},{"product":{"_id":"671a32bdd291d11dd21327e8","name":"Bed Skirt King","nameEs":"Falda de Cama King","price":20.57,"category":"Bed Skirts","createdAt":"2024-10-24T11:42:53.664Z","__v":0},"name":"Bed Skirt King","quantity":3,"price":20.57,"_id":"671a4ee17f5b518d0d07b2af"}],"total":84.55,"createdAt":"2024-10-24T13:42:57.150Z","__v":0},{"_id":"671a4ed87f5b518d0d07b297","orderNumber":"ORD1729777368491","user":"671a25bfb41958107c1a4299","items":[{"product":{"_id":"671a32bdd291d11dd21327eb","name":"Shower Curtains Set","nameEs":"Juego de Cortinas de Ducha","price":11.42,"category":"Bathroom","createdAt":"2024-10-24T11:42:53.664Z","__v":0},"name":"Shower Curtains Set","quantity":2,"price":11.42,"_id":"671a4ed87f5b518d0d07b298"},{"product":{"_id":"671a32bdd291d11dd21327e8","name":"Bed Skirt King","nameEs":"Falda de Cama King","price":20.57,"category":"Bed Skirts","createdAt":"2024-10-24T11:42:53.664Z","__v":0},"name":"Bed Skirt King","quantity":1,"price":20.57,"_id":"671a4ed87f5b518d0d07b299"}],"total":43.41,"createdAt":"2024-10-24T13:42:48.505Z","__v":0}]
[2024-10-24T14:46:04.140Z] GET /api/orders
[2024-10-24T14:46:04.140Z] Response: 304 
[2024-10-24T14:46:07.182Z] GET /api/orders/671a5daba9867a561971daea
[2024-10-24T14:46:07.182Z] Response: 200 {"_id":"671a5daba9867a561971daea","name":"Order Nou","orderNumber":"ORD1729781163056","user":"671a25bfb41958107c1a4299","items":[{"product":{"_id":"671a32bdd291d11dd21327f7","name":"Robes","nameEs":"Batas","price":5.47,"category":"Miscellaneous","createdAt":"2024-10-24T11:42:53.664Z","__v":0},"name":"Robes","quantity":3,"price":5.47,"_id":"671a5daba9867a561971daeb"},{"product":{"_id":"671a32bdd291d11dd21327fb","name":"Decorative Pillow","nameEs":"Almohada Decorativa","price":6.37,"category":"Miscellaneous","createdAt":"2024-10-24T11:42:53.664Z","__v":0},"name":"Decorative Pillow","quantity":2,"price":6.37,"_id":"671a5daba9867a561971daec"},{"product":{"_id":"671a32bdd291d11dd21327e5","name":"Pillow Sham King","nameEs":"Funda de Almohada Decorativa King","price":6.85,"category":"Pillow Shams","createdAt":"2024-10-24T11:42:53.664Z","__v":0},"name":"Pillow Sham King","quantity":3,"price":6.85,"_id":"671a5daba9867a561971daed"}],"total":49.699999999999996,"createdAt":"2024-10-24T14:46:03.068Z","__v":0}
[2024-10-24T14:46:07.790Z] GET /api/orders/671a5daba9867a561971daea
[2024-10-24T14:46:07.790Z] Response: 304 
[2024-10-24T14:46:11.785Z] GET /api/orders/671a5daba9867a561971daea/export
[2024-10-24T14:46:11.785Z] Response: 200 "orderNumber","name","productName","quantity","price","totalPrice","category"
"ORD1729781163056","Order Nou","Robes",3,5.47,16.41,"Miscellaneous"
"ORD1729781163056","Order Nou","Decorative Pillow",2,6.37,12.74,"Miscellaneous"
"ORD1729781163056","Order Nou","Pillow Sham King",3,6.85,20.549999999999997,"Pillow Shams"
[2024-10-24T14:47:43.269Z] GET /api/orders/671a5daba9867a561971daea
[2024-10-24T14:47:43.269Z] Response: 304 
[2024-10-24T14:47:43.933Z] GET /api/orders/671a5daba9867a561971daea
[2024-10-24T14:47:43.933Z] Response: 304 
[2024-10-25T17:09:55.525Z] POST /api/auth/login
[2024-10-25T17:09:55.525Z] Response: 200 {"token":"eyJhbGciOiJIUzI1NiIsInR5cCI6IkpXVCJ9.eyJpZCI6IjY3MWEyNWJmYjQxOTU4MTA3YzFhNDI5OSIsInVzZXJuYW1lIjoicGV0cnUudGlybGFAZ21haWwuY29tIiwiaWF0IjoxNzI5ODc2MTk2LCJleHAiOjE3Mjk5NjI1OTZ9.fSJ4lcCjkaz4gD3GUTLHAWxA_vk20CYqBiUDxgnAzXA","user":{"id":"671a25bfb41958107c1a4299","username":"petru.tirla@gmail.com"}}
[2024-10-25T17:09:56.153Z] GET /api/orders
[2024-10-25T17:09:56.153Z] Response: 200 []
[2024-10-25T17:09:56.583Z] GET /api/orders
[2024-10-25T17:09:56.583Z] Response: 304 
[2024-10-25T17:10:00.861Z] GET /api/orders
[2024-10-25T17:10:00.861Z] Response: 304 
[2024-10-25T17:10:01.287Z] GET /api/orders
[2024-10-25T17:10:01.287Z] Response: 304 
[2024-10-25T17:10:03.445Z] GET /api/products
[2024-10-25T17:10:03.445Z] Response: 200 [{"_id":"671a32bdd291d11dd21327eb","name":"Shower Curtains Set","nameEs":"Juego de Cortinas de Ducha","price":11.42,"category":"Bathroom","createdAt":"2024-10-24T11:42:53.664Z","__v":0},{"_id":"671a32bdd291d11dd21327e8","name":"Bed Skirt King","nameEs":"Falda de Cama King","price":20.57,"category":"Bed Skirts","createdAt":"2024-10-24T11:42:53.664Z","__v":0},{"_id":"671a32bdd291d11dd21327e9","name":"Bed Skirt Queen","nameEs":"Falda de Cama Queen","price":17.14,"category":"Bed Skirts","createdAt":"2024-10-24T11:42:53.664Z","__v":0},{"_id":"671a32bdd291d11dd21327ea","name":"Bed Skirt Twin","nameEs":"Falda de Cama Twin","price":14.28,"category":"Bed Skirts","createdAt":"2024-10-24T11:42:53.664Z","__v":0},{"_id":"671a32bdd291d11dd21327db","name":"Blanket King","nameEs":"Manta King","price":18.28,"category":"Blankets","createdAt":"2024-10-24T11:42:53.663Z","__v":0},{"_id":"671a32bdd291d11dd21327dc","name":"Blanket Queen","nameEs":"Manta Queen","price":16,"category":"Blankets","createdAt":"2024-10-24T11:42:53.663Z","__v":0},{"_id":"671a32bdd291d11dd21327dd","name":"Blanket Twin","nameEs":"Manta Twin","price":13.72,"category":"Blankets","createdAt":"2024-10-24T11:42:53.663Z","__v":0},{"_id":"671a32bdd291d11dd21327de","name":"Throws","nameEs":"Cobijas","price":9.94,"category":"Blankets","createdAt":"2024-10-24T11:42:53.663Z","__v":0},{"_id":"671a32bdd291d11dd21327e2","name":"Comforter/Duvet Insert King","nameEs":"Edredón King","price":41.14,"category":"Comforters","createdAt":"2024-10-24T11:42:53.664Z","__v":0},{"_id":"671a32bdd291d11dd21327e3","name":"Comforter/Duvet Insert Queen","nameEs":"Edredón Queen","price":36.56,"category":"Comforters","createdAt":"2024-10-24T11:42:53.664Z","__v":0},{"_id":"671a32bdd291d11dd21327e4","name":"Comforter/Duvet Insert Twin","nameEs":"Edredón Twin","price":27.42,"category":"Comforters","createdAt":"2024-10-24T11:42:53.664Z","__v":0},{"_id":"671a32bdd291d11dd21327f4","name":"Curtains Per SQ/FT","nameEs":"Cortinas Por Pie Cuadrado","price":3.28,"category":"Curtains","createdAt":"2024-10-24T11:42:53.664Z","__v":0},{"_id":"671a32bdd291d11dd21327f5","name":"Curtains Set","nameEs":"Juego de Cortinas","price":7.54,"category":"Curtains","createdAt":"2024-10-24T11:42:53.664Z","__v":0},{"_id":"671a32bdd291d11dd21327f6","name":"Panels and Curtains Each","nameEs":"Paneles y Cortinas Individual","price":4.48,"category":"Curtains","createdAt":"2024-10-24T11:42:53.664Z","__v":0},{"_id":"671a32bdd291d11dd21327df","name":"Duvet Cover King","nameEs":"Funda Nórdica King","price":27.42,"category":"Duvet Covers","createdAt":"2024-10-24T11:42:53.663Z","__v":0},{"_id":"671a32bdd291d11dd21327e0","name":"Duvet Cover Queen","nameEs":"Funda Nórdica Queen","price":20.57,"category":"Duvet Covers","createdAt":"2024-10-24T11:42:53.663Z","__v":0},{"_id":"671a32bdd291d11dd21327e1","name":"Duvet Cover Twin","nameEs":"Funda Nórdica Twin","price":16,"category":"Duvet Covers","createdAt":"2024-10-24T11:42:53.664Z","__v":0},{"_id":"671a32bdd291d11dd21327ee","name":"Cloth Napkins","nameEs":"Servilletas de Tela","price":2.28,"category":"Kitchen","createdAt":"2024-10-24T11:42:53.664Z","__v":0},{"_id":"671a32bdd291d11dd21327ec","name":"Placemats & Hotpads","nameEs":"Manteles Individuales y Agarraderas","price":2.28,"category":"Kitchen","createdAt":"2024-10-24T11:42:53.664Z","__v":0},{"_id":"671a32bdd291d11dd21327ed","name":"Runners & Aprons","nameEs":"Caminos de Mesa y Delantales","price":2.28,"category":"Kitchen","createdAt":"2024-10-24T11:42:53.664Z","__v":0},{"_id":"671a32bdd291d11dd21327d8","name":"Mattress Pad King","nameEs":"Protector de Colchón King","price":18.29,"category":"Mattress Pads","createdAt":"2024-10-24T11:42:53.662Z","__v":0},{"_id":"671a32bdd291d11dd21327d9","name":"Mattress Pad Queen","nameEs":"Protector de Colchón Queen","price":16,"category":"Mattress Pads","createdAt":"2024-10-24T11:42:53.663Z","__v":0},{"_id":"671a32bdd291d11dd21327da","name":"Mattress Pad Twin","nameEs":"Protector de Colchón Twin","price":13.72,"category":"Mattress Pads","createdAt":"2024-10-24T11:42:53.663Z","__v":0},{"_id":"671a32bdd291d11dd21327fb","name":"Decorative Pillow","nameEs":"Almohada Decorativa","price":6.37,"category":"Miscellaneous","createdAt":"2024-10-24T11:42:53.664Z","__v":0},{"_id":"671a32bdd291d11dd21327f7","name":"Robes","nameEs":"Batas","price":5.47,"category":"Miscellaneous","createdAt":"2024-10-24T11:42:53.664Z","__v":0},{"_id":"671a32bdd291d11dd21327f8","name":"Towels","nameEs":"Toallas","price":5.47,"category":"Miscellaneous","createdAt":"2024-10-24T11:42:53.664Z","__v":0},{"_id":"671a32bdd291d11dd21327e5","name":"Pillow Sham King","nameEs":"Funda de Almohada Decorativa King","price":6.85,"category":"Pillow Shams","createdAt":"2024-10-24T11:42:53.664Z","__v":0},{"_id":"671a32bdd291d11dd21327e7","name":"Pillow Sham Small","nameEs":"Funda de Almohada Decorativa Pequeña","price":5.71,"category":"Pillow Shams","createdAt":"2024-10-24T11:42:53.664Z","__v":0},{"_id":"671a32bdd291d11dd21327e6","name":"Pillow Sham Standard","nameEs":"Funda de Almohada Decorativa Estándar","price":6.85,"category":"Pillow Shams","createdAt":"2024-10-24T11:42:53.664Z","__v":0},{"_id":"671a32bdd291d11dd21327fa","name":"Protector King","nameEs":"Protector King","price":2.24,"category":"Protectors","createdAt":"2024-10-24T11:42:53.664Z","__v":0},{"_id":"671a32bdd291d11dd21327f9","name":"Protector Standard","nameEs":"Protector Estándar","price":1.87,"category":"Protectors","createdAt":"2024-10-24T11:42:53.664Z","__v":0},{"_id":"671a32bdd291d11dd21327f0","name":"Rug/Bathmat Large","nameEs":"Alfombra/Tapete de Baño Grande","price":8.05,"category":"Rugs","createdAt":"2024-10-24T11:42:53.664Z","__v":0},{"_id":"671a32bdd291d11dd21327ef","name":"Rug/Bathmat Standard","nameEs":"Alfombra/Tapete de Baño Estándar","price":6.77,"category":"Rugs","createdAt":"2024-10-24T11:42:53.664Z","__v":0},{"_id":"671a32bdd291d11dd21327f1","name":"Rug/Bathmat X-Large","nameEs":"Alfombra/Tapete de Baño Extra Grande","price":23.93,"category":"Rugs","createdAt":"2024-10-24T11:42:53.664Z","__v":0},{"_id":"671a32bdd291d11dd21327fd","name":"Minimum Mending Or Ironing Charge","nameEs":"Cargo Mínimo por Reparación o Planchado","price":28.81,"category":"Services","createdAt":"2024-10-24T11:42:53.664Z","__v":0},{"_id":"671a32bdd291d11dd21327fc","name":"Price per Pound","nameEs":"Precio por Libra","price":3,"category":"Services","createdAt":"2024-10-24T11:42:53.664Z","__v":0},{"_id":"671a32bdd291d11dd21327f3","name":"Table Cloth Large","nameEs":"Mantel Grande","price":18.29,"category":"Table Cloths","createdAt":"2024-10-24T11:42:53.664Z","__v":0},{"_id":"671a32bdd291d11dd21327f2","name":"Table Cloth Small","nameEs":"Mantel Pequeño","price":10.28,"category":"Table Cloths","createdAt":"2024-10-24T11:42:53.664Z","__v":0}]
[2024-10-25T17:10:03.870Z] GET /api/products
[2024-10-25T17:10:03.870Z] Response: 304 
[2024-10-25T17:10:06.939Z] GET /api/products
[2024-10-25T17:10:06.939Z] Response: 304 
[2024-10-25T17:10:07.358Z] GET /api/products
[2024-10-25T17:10:07.358Z] Response: 304 
[2024-10-25T17:13:33.922Z] GET /api/products
[2024-10-25T17:13:33.922Z] Response: 304 
[2024-10-25T17:13:34.355Z] GET /api/products
[2024-10-25T17:13:34.355Z] Response: 304 
[2024-10-25T17:15:24.448Z] GET /api/products
[2024-10-25T17:15:24.448Z] Response: 304 
[2024-10-25T17:15:24.872Z] GET /api/products
[2024-10-25T17:15:24.872Z] Response: 304 
[2024-10-25T17:17:02.249Z] GET /api/products
[2024-10-25T17:17:02.249Z] Response: 304 
[2024-10-25T17:17:02.680Z] GET /api/products
[2024-10-25T17:17:02.680Z] Response: 304 
[2024-10-25T17:20:27.923Z] GET /api/products
[2024-10-25T17:20:27.923Z] Response: 304 
[2024-10-25T17:20:29.874Z] GET /api/products
[2024-10-25T17:20:29.874Z] Response: 304 
[2024-10-25T17:20:30.423Z] GET /api/products
[2024-10-25T17:20:30.423Z] Response: 304 
[2024-10-25T17:20:31.944Z] GET /api/products
[2024-10-25T17:20:31.944Z] Response: 304 
[2024-10-25T17:20:32.410Z] GET /api/products
[2024-10-25T17:20:32.410Z] Response: 304 
[2024-10-25T17:20:33.148Z] GET /api/products
[2024-10-25T17:20:33.148Z] Response: 304 
[2024-10-25T17:20:33.643Z] GET /api/products
[2024-10-25T17:20:33.643Z] Response: 304 
[2024-10-25T17:20:34.934Z] GET /api/products
[2024-10-25T17:20:34.934Z] Response: 304 
[2024-10-25T17:20:35.365Z] GET /api/products
[2024-10-25T17:20:35.365Z] Response: 304 
[2024-10-25T17:37:10.361Z] GET /api/products
[2024-10-25T17:37:10.361Z] Response: 304 
[2024-10-25T17:37:10.815Z] GET /api/products
[2024-10-25T17:37:10.815Z] Response: 304 
[2024-10-25T17:38:14.408Z] GET /api/products
[2024-10-25T17:38:14.408Z] Response: 304 
[2024-10-25T17:38:14.859Z] GET /api/products
[2024-10-25T17:38:14.859Z] Response: 304 
[2024-10-25T17:48:46.700Z] GET /api/products
[2024-10-25T17:48:46.700Z] Response: 200 [{"_id":"671a32bdd291d11dd21327eb","name":"Shower Curtains Set","nameEs":"Set de Cortinas de Baño","price":11.42,"category":"Bathroom","createdAt":"2024-10-24T11:42:53.664Z","__v":0},{"_id":"671a32bdd291d11dd21327e8","name":"Bed Skirt King","nameEs":"Volante de Cama King","price":20.57,"category":"Bed Skirts","createdAt":"2024-10-24T11:42:53.664Z","__v":0},{"_id":"671a32bdd291d11dd21327e9","name":"Bed Skirt Queen","nameEs":"Volante de Cama Queen","price":17.14,"category":"Bed Skirts","createdAt":"2024-10-24T11:42:53.664Z","__v":0},{"_id":"671a32bdd291d11dd21327ea","name":"Bed Skirt Twin","nameEs":"Volante de Cama Twin","price":14.28,"category":"Bed Skirts","createdAt":"2024-10-24T11:42:53.664Z","__v":0},{"_id":"671a32bdd291d11dd21327db","name":"Blanket King","nameEs":"Cobija King","price":18.28,"category":"Blankets","createdAt":"2024-10-24T11:42:53.663Z","__v":0},{"_id":"671a32bdd291d11dd21327dc","name":"Blanket Queen","nameEs":"Cobija Queen","price":16,"category":"Blankets","createdAt":"2024-10-24T11:42:53.663Z","__v":0},{"_id":"671a32bdd291d11dd21327dd","name":"Blanket Twin","nameEs":"Cobija Twin","price":13.72,"category":"Blankets","createdAt":"2024-10-24T11:42:53.663Z","__v":0},{"_id":"671a32bdd291d11dd21327de","name":"Throws","nameEs":"Cobijas","price":9.94,"category":"Blankets","createdAt":"2024-10-24T11:42:53.663Z","__v":0},{"_id":"671a32bdd291d11dd21327e2","name":"Comforter/Duvet Insert King","nameEs":"Edredón King","price":41.14,"category":"Comforters","createdAt":"2024-10-24T11:42:53.664Z","__v":0},{"_id":"671a32bdd291d11dd21327e3","name":"Comforter/Duvet Insert Queen","nameEs":"Edredón Queen","price":36.56,"category":"Comforters","createdAt":"2024-10-24T11:42:53.664Z","__v":0},{"_id":"671a32bdd291d11dd21327e4","name":"Comforter/Duvet Insert Twin","nameEs":"Edredón Twin","price":27.42,"category":"Comforters","createdAt":"2024-10-24T11:42:53.664Z","__v":0},{"_id":"671a32bdd291d11dd21327f4","name":"Curtains Per SQ/FT","nameEs":"Cortinas Por Pie Cuadrado","price":3.28,"category":"Curtains","createdAt":"2024-10-24T11:42:53.664Z","__v":0},{"_id":"671a32bdd291d11dd21327f5","name":"Curtains Set","nameEs":"Set de Cortinas","price":7.54,"category":"Curtains","createdAt":"2024-10-24T11:42:53.664Z","__v":0},{"_id":"671a32bdd291d11dd21327f6","name":"Panels and Curtains Each","nameEs":"Panel o Cortina Individual","price":4.48,"category":"Curtains","createdAt":"2024-10-24T11:42:53.664Z","__v":0},{"_id":"671a32bdd291d11dd21327df","name":"Duvet Cover King","nameEs":"Cobertor King","price":27.42,"category":"Duvet Covers","createdAt":"2024-10-24T11:42:53.663Z","__v":0},{"_id":"671a32bdd291d11dd21327e0","name":"Duvet Cover Queen","nameEs":"Cobertor Queen","price":20.57,"category":"Duvet Covers","createdAt":"2024-10-24T11:42:53.663Z","__v":0},{"_id":"671a32bdd291d11dd21327e1","name":"Duvet Cover Twin","nameEs":"Cobertor Twin","price":16,"category":"Duvet Covers","createdAt":"2024-10-24T11:42:53.664Z","__v":0},{"_id":"671a32bdd291d11dd21327ee","name":"Cloth Napkins","nameEs":"Servilletas de Tela","price":2.28,"category":"Kitchen","createdAt":"2024-10-24T11:42:53.664Z","__v":0},{"_id":"671a32bdd291d11dd21327ec","name":"Placemats & Hotpads","nameEs":"Manteles Individuales y Agarraderas","price":2.28,"category":"Kitchen","createdAt":"2024-10-24T11:42:53.664Z","__v":0},{"_id":"671a32bdd291d11dd21327ed","name":"Runners & Aprons","nameEs":"Caminos de Mesa y Mandiles","price":2.28,"category":"Kitchen","createdAt":"2024-10-24T11:42:53.664Z","__v":0},{"_id":"671a32bdd291d11dd21327d8","name":"Mattress Pad King","nameEs":"Protector de Colchón King","price":18.29,"category":"Mattress Pads","createdAt":"2024-10-24T11:42:53.662Z","__v":0},{"_id":"671a32bdd291d11dd21327d9","name":"Mattress Pad Queen","nameEs":"Protector de Colchón Queen","price":16,"category":"Mattress Pads","createdAt":"2024-10-24T11:42:53.663Z","__v":0},{"_id":"671a32bdd291d11dd21327da","name":"Mattress Pad Twin","nameEs":"Protector de Colchón Twin","price":13.72,"category":"Mattress Pads","createdAt":"2024-10-24T11:42:53.663Z","__v":0},{"_id":"671a32bdd291d11dd21327fb","name":"Decorative Pillow","nameEs":"Cojín Decorativo","price":6.37,"category":"Miscellaneous","createdAt":"2024-10-24T11:42:53.664Z","__v":0},{"_id":"671a32bdd291d11dd21327f7","name":"Robes","nameEs":"Batas","price":5.47,"category":"Miscellaneous","createdAt":"2024-10-24T11:42:53.664Z","__v":0},{"_id":"671a32bdd291d11dd21327f8","name":"Towels","nameEs":"Toallas","price":5.47,"category":"Miscellaneous","createdAt":"2024-10-24T11:42:53.664Z","__v":0},{"_id":"671a32bdd291d11dd21327e5","name":"Pillow Sham King","nameEs":"Funda Decorativa King","price":6.85,"category":"Pillow Shams","createdAt":"2024-10-24T11:42:53.664Z","__v":0},{"_id":"671a32bdd291d11dd21327e7","name":"Pillow Sham Small","nameEs":"Funda Decorativa Pequeña","price":5.71,"category":"Pillow Shams","createdAt":"2024-10-24T11:42:53.664Z","__v":0},{"_id":"671a32bdd291d11dd21327e6","name":"Pillow Sham Standard","nameEs":"Funda Decorativa Estándar","price":6.85,"category":"Pillow Shams","createdAt":"2024-10-24T11:42:53.664Z","__v":0},{"_id":"671a32bdd291d11dd21327fa","name":"Protector King","nameEs":"Protector King","price":2.24,"category":"Protectors","createdAt":"2024-10-24T11:42:53.664Z","__v":0},{"_id":"671a32bdd291d11dd21327f9","name":"Protector Standard","nameEs":"Protector Estándar","price":1.87,"category":"Protectors","createdAt":"2024-10-24T11:42:53.664Z","__v":0},{"_id":"671a32bdd291d11dd21327f0","name":"Rug/Bathmat Large","nameEs":"Tapete de Baño Grande","price":8.05,"category":"Rugs","createdAt":"2024-10-24T11:42:53.664Z","__v":0},{"_id":"671a32bdd291d11dd21327ef","name":"Rug/Bathmat Standard","nameEs":"Tapete de Baño Estándar","price":6.77,"category":"Rugs","createdAt":"2024-10-24T11:42:53.664Z","__v":0},{"_id":"671a32bdd291d11dd21327f1","name":"Rug/Bathmat X-Large","nameEs":"Tapete de Baño Extra Grande","price":23.93,"category":"Rugs","createdAt":"2024-10-24T11:42:53.664Z","__v":0},{"_id":"671a32bdd291d11dd21327fd","name":"Minimum Mending Or Ironing Charge","nameEs":"Cargo Mínimo por Compostura o Planchado","price":28.81,"category":"Services","createdAt":"2024-10-24T11:42:53.664Z","__v":0},{"_id":"671a32bdd291d11dd21327fc","name":"Price per Pound","nameEs":"Precio por Libra","price":3,"category":"Services","createdAt":"2024-10-24T11:42:53.664Z","__v":0},{"_id":"671a32bdd291d11dd21327f3","name":"Table Cloth Large","nameEs":"Mantel Grande","price":18.29,"category":"Table Cloths","createdAt":"2024-10-24T11:42:53.664Z","__v":0},{"_id":"671a32bdd291d11dd21327f2","name":"Table Cloth Small","nameEs":"Mantel Pequeño","price":10.28,"category":"Table Cloths","createdAt":"2024-10-24T11:42:53.664Z","__v":0}]
[2024-10-25T17:48:47.299Z] GET /api/products
[2024-10-25T17:48:47.299Z] Response: 304 
[2024-10-25T17:49:22.726Z] GET /api/products
[2024-10-25T17:49:22.726Z] Response: 304 
[2024-10-25T17:49:27.867Z] GET /api/products
[2024-10-25T17:49:27.867Z] Response: 304 
[2024-10-25T17:49:28.430Z] GET /api/products
[2024-10-25T17:49:28.430Z] Response: 304 
[2024-10-25T17:55:47.522Z] GET /api/products
[2024-10-25T17:55:47.522Z] Response: 304 
[2024-10-25T17:55:48.128Z] GET /api/products
[2024-10-25T17:55:48.128Z] Response: 304 
[2024-10-25T17:55:49.898Z] GET /api/products
[2024-10-25T17:55:49.898Z] Response: 304 
[2024-10-25T17:55:50.401Z] GET /api/products
[2024-10-25T17:55:50.401Z] Response: 304 
[2024-10-25T17:55:53.110Z] GET /api/products
[2024-10-25T17:55:53.110Z] Response: 304 
[2024-10-25T17:55:53.678Z] GET /api/products
[2024-10-25T17:55:53.678Z] Response: 304 
[2024-10-25T17:55:56.022Z] GET /api/products
[2024-10-25T17:55:56.022Z] Response: 304 
[2024-10-25T17:55:56.556Z] GET /api/products
[2024-10-25T17:55:56.556Z] Response: 304 
[2024-10-25T17:56:00.570Z] GET /api/orders
[2024-10-25T17:56:00.570Z] Response: 304 
[2024-10-25T17:56:01.224Z] GET /api/orders
[2024-10-25T17:56:01.224Z] Response: 304 
[2024-10-25T17:56:03.020Z] GET /api/products
[2024-10-25T17:56:03.020Z] Response: 304 
[2024-10-25T17:56:03.690Z] GET /api/products
[2024-10-25T17:56:03.690Z] Response: 304 
[2024-10-25T17:56:05.484Z] GET /api/products
[2024-10-25T17:56:05.484Z] Response: 304 
[2024-10-25T17:56:06.041Z] GET /api/products
[2024-10-25T17:56:06.041Z] Response: 304 
[2024-10-25T17:56:07.317Z] GET /api/products
[2024-10-25T17:56:07.317Z] Response: 304 
[2024-10-25T17:56:07.988Z] GET /api/products
[2024-10-25T17:56:07.988Z] Response: 304 
[2024-10-25T17:57:18.156Z] GET /api/products
[2024-10-25T17:57:18.156Z] Response: 304 
[2024-10-25T17:57:18.620Z] GET /api/products
[2024-10-25T17:57:18.620Z] Response: 304 
[2024-10-25T17:57:19.682Z] GET /api/products
[2024-10-25T17:57:19.682Z] Response: 304 
[2024-10-25T17:57:20.185Z] GET /api/products
[2024-10-25T17:57:20.185Z] Response: 304 
[2024-10-25T17:58:01.910Z] GET /api/products
[2024-10-25T17:58:01.910Z] Response: 304 
[2024-10-25T17:58:02.421Z] GET /api/products
[2024-10-25T17:58:02.421Z] Response: 304 
[2024-10-25T17:58:05.289Z] GET /api/orders
[2024-10-25T17:58:05.289Z] Response: 304 
[2024-10-25T17:58:05.770Z] GET /api/orders
[2024-10-25T17:58:06.428Z] GET /api/products
[2024-10-25T17:58:05.770Z] Response: 304 
[2024-10-25T17:58:06.428Z] Response: 304 
[2024-10-25T17:58:06.822Z] GET /api/products
[2024-10-25T17:58:06.822Z] Response: 304 
[2024-10-25T17:58:25.709Z] GET /api/products
[2024-10-25T17:58:25.709Z] Response: 304 
[2024-10-25T17:58:55.007Z] POST /api/orders
[2024-10-25T17:58:55.007Z] Response: 500 {"message":"Order validation failed: createdBy: Path `createdBy` is required."}
[2024-10-25T17:59:05.001Z] POST /api/orders
[2024-10-25T17:59:05.001Z] Response: 500 {"message":"Order validation failed: createdBy: Path `createdBy` is required."}
[2024-10-25T18:00:59.673Z] GET /api/products
[2024-10-25T18:00:59.673Z] Response: 304 
[2024-10-25T18:01:54.768Z] POST /api/orders
[2024-10-25T18:01:54.768Z] Response: 201 {"orderNumber":"ORD1729879315180","user":"671a25bfb41958107c1a4299","createdBy":"System User","items":[{"product":{"_id":"671a32bdd291d11dd21327eb","name":"Shower Curtains Set","nameEs":"Set de Cortinas de Baño","price":11.42,"category":"Bathroom","createdAt":"2024-10-24T11:42:53.664Z","__v":0},"name":"Shower Curtains Set","quantity":1,"price":11.42,"_id":"671bdd13d32208f882e13048"},{"product":{"_id":"671a32bdd291d11dd21327e8","name":"Bed Skirt King","nameEs":"Volante de Cama King","price":20.57,"category":"Bed Skirts","createdAt":"2024-10-24T11:42:53.664Z","__v":0},"name":"Bed Skirt King","quantity":3,"price":20.57,"_id":"671bdd13d32208f882e13049"}],"total":73.13,"status":"pending","_id":"671bdd13d32208f882e13047","createdAt":"2024-10-25T18:01:55.196Z","updatedAt":"2024-10-25T18:01:55.196Z","__v":0}
[2024-10-25T18:01:55.668Z] GET /api/orders
[2024-10-25T18:01:55.668Z] Response: 200 [{"_id":"671bdd13d32208f882e13047","orderNumber":"ORD1729879315180","user":{"_id":"671a25bfb41958107c1a4299"},"createdBy":"System User","items":[{"product":{"_id":"671a32bdd291d11dd21327eb","name":"Shower Curtains Set","nameEs":"Set de Cortinas de Baño","price":11.42,"category":"Bathroom","createdAt":"2024-10-24T11:42:53.664Z","__v":0},"name":"Shower Curtains Set","quantity":1,"price":11.42,"_id":"671bdd13d32208f882e13048"},{"product":{"_id":"671a32bdd291d11dd21327e8","name":"Bed Skirt King","nameEs":"Volante de Cama King","price":20.57,"category":"Bed Skirts","createdAt":"2024-10-24T11:42:53.664Z","__v":0},"name":"Bed Skirt King","quantity":3,"price":20.57,"_id":"671bdd13d32208f882e13049"}],"total":73.13,"status":"pending","createdAt":"2024-10-25T18:01:55.196Z","updatedAt":"2024-10-25T18:01:55.196Z","__v":0}]
[2024-10-25T18:01:56.284Z] GET /api/orders
[2024-10-25T18:01:56.284Z] Response: 304 
[2024-10-25T18:02:39.087Z] POST /api/auth/register
[2024-10-25T18:02:39.087Z] Response: 400 {"message":"Email already exists"}
[2024-10-25T18:02:45.311Z] POST /api/auth/register
[2024-10-25T18:02:45.311Z] Response: 400 {"message":"Email already exists"}
[2024-10-25T18:03:10.299Z] POST /api/auth/register
[2024-10-25T18:03:10.299Z] Response: 400 {"message":"Email already exists"}
[2024-10-25T18:03:28.587Z] POST /api/auth/register
[2024-10-25T18:03:28.587Z] Response: 400 {"message":"Email already exists"}
[2024-10-25T18:06:39.526Z] POST /api/auth/register
[2024-10-25T18:06:39.526Z] Response: 400 {"message":"All fields are required","details":{"email":"Email is required","username":null,"password":null}}
[2024-10-25T18:09:39.225Z] POST /api/auth/register
[2024-10-25T18:09:39.225Z] Response: 201 {"message":"User created successfully","token":"eyJhbGciOiJIUzI1NiIsInR5cCI6IkpXVCJ9.eyJpZCI6IjY3MWJkZWU0NjQwMzdkMmM4N2QxY2JlNiIsImVtYWlsIjoicGV0cnUudGlybGExQGdtYWlsLmNvbSIsInVzZXJuYW1lIjoicGV0cmljYSIsImlhdCI6MTcyOTg3OTc4MSwiZXhwIjoxNzI5OTY2MTgxfQ.RFbvzdWSFhrnpGdusbGWAfHZ-fwam2AwUcaLOXDgjzo","user":{"id":"671bdee464037d2c87d1cbe6","email":"petru.tirla1@gmail.com","username":"petrica"}}
[2024-10-25T18:09:41.236Z] GET /api/orders
[2024-10-25T18:09:41.236Z] Response: 200 []
[2024-10-25T18:09:41.730Z] GET /api/orders
[2024-10-25T18:09:41.730Z] Response: 304 
[2024-10-25T18:09:48.658Z] GET /api/products
[2024-10-25T18:09:48.658Z] Response: 304 
[2024-10-25T18:09:49.247Z] GET /api/products
[2024-10-25T18:09:49.247Z] Response: 304 
[2024-10-25T18:09:50.132Z] GET /api/orders
[2024-10-25T18:09:50.132Z] Response: 304 
[2024-10-25T18:09:50.633Z] GET /api/orders
[2024-10-25T18:09:50.633Z] Response: 304 
[2024-10-25T18:09:54.289Z] GET /api/products
[2024-10-25T18:09:54.289Z] Response: 304 
[2024-10-25T18:09:54.755Z] GET /api/products
[2024-10-25T18:09:54.755Z] Response: 304 
[2024-10-25T18:09:56.184Z] GET /api/products
[2024-10-25T18:09:56.184Z] Response: 304 
[2024-10-25T18:09:56.820Z] GET /api/products
[2024-10-25T18:09:56.820Z] Response: 304 
[2024-10-25T18:10:05.801Z] POST /api/orders
[2024-10-25T18:10:05.801Z] Response: 201 {"orderNumber":"ORD1729879806366","user":"671bdee464037d2c87d1cbe6","createdBy":"System User","items":[{"product":{"_id":"671a32bdd291d11dd21327e8","name":"Bed Skirt King","nameEs":"Volante de Cama King","price":20.57,"category":"Bed Skirts","createdAt":"2024-10-24T11:42:53.664Z","__v":0},"name":"Bed Skirt King","quantity":1,"price":20.57,"_id":"671bdefe64037d2c87d1cc00"},{"product":{"_id":"671a32bdd291d11dd21327eb","name":"Shower Curtains Set","nameEs":"Set de Cortinas de Baño","price":11.42,"category":"Bathroom","createdAt":"2024-10-24T11:42:53.664Z","__v":0},"name":"Shower Curtains Set","quantity":3,"price":11.42,"_id":"671bdefe64037d2c87d1cc01"}],"total":54.83,"status":"pending","_id":"671bdefe64037d2c87d1cbff","createdAt":"2024-10-25T18:10:06.376Z","updatedAt":"2024-10-25T18:10:06.376Z","__v":0}
[2024-10-25T18:10:07.000Z] GET /api/orders
[2024-10-25T18:10:07.000Z] Response: 200 [{"_id":"671bdefe64037d2c87d1cbff","orderNumber":"ORD1729879806366","user":{"_id":"671bdee464037d2c87d1cbe6"},"createdBy":"System User","items":[{"product":{"_id":"671a32bdd291d11dd21327e8","name":"Bed Skirt King","nameEs":"Volante de Cama King","price":20.57,"category":"Bed Skirts","createdAt":"2024-10-24T11:42:53.664Z","__v":0},"name":"Bed Skirt King","quantity":1,"price":20.57,"_id":"671bdefe64037d2c87d1cc00"},{"product":{"_id":"671a32bdd291d11dd21327eb","name":"Shower Curtains Set","nameEs":"Set de Cortinas de Baño","price":11.42,"category":"Bathroom","createdAt":"2024-10-24T11:42:53.664Z","__v":0},"name":"Shower Curtains Set","quantity":3,"price":11.42,"_id":"671bdefe64037d2c87d1cc01"}],"total":54.83,"status":"pending","createdAt":"2024-10-25T18:10:06.376Z","updatedAt":"2024-10-25T18:10:06.376Z","__v":0}]
[2024-10-25T18:10:07.921Z] GET /api/orders
[2024-10-25T18:10:07.921Z] Response: 304 
[2024-10-25T18:20:44.623Z] GET /api/orders
[2024-10-25T18:20:44.623Z] Response: 304 
[2024-10-25T18:21:42.969Z] GET /api/orders
[2024-10-25T18:21:42.969Z] Response: 304 
[2024-10-25T18:21:43.612Z] GET /api/orders
[2024-10-25T18:21:43.612Z] Response: 304 
[2024-10-25T18:22:07.800Z] GET /api/products
[2024-10-25T18:22:07.800Z] Response: 304 
[2024-10-25T18:22:08.211Z] GET /api/products
[2024-10-25T18:22:08.211Z] Response: 304 
[2024-10-25T18:22:19.102Z] GET /api/products
[2024-10-25T18:22:19.102Z] Response: 304 
[2024-10-25T18:22:19.555Z] GET /api/products
[2024-10-25T18:22:19.555Z] Response: 304 
[2024-10-25T18:22:28.269Z] GET /api/products
[2024-10-25T18:22:28.269Z] Response: 304 
[2024-10-25T18:22:28.689Z] GET /api/products
[2024-10-25T18:22:28.689Z] Response: 304 
[2024-10-25T18:22:29.089Z] GET /api/orders
[2024-10-25T18:22:29.089Z] Response: 304 
[2024-10-25T18:22:29.677Z] GET /api/orders
[2024-10-25T18:22:29.677Z] Response: 304 
[2024-10-25T18:22:31.358Z] GET /api/products
[2024-10-25T18:22:31.358Z] Response: 304 
[2024-10-25T18:22:31.761Z] GET /api/products
[2024-10-25T18:22:31.761Z] Response: 304 
[2024-10-25T18:23:32.605Z] GET /api/products
[2024-10-25T18:23:32.605Z] Response: 304 
[2024-10-25T18:23:32.999Z] GET /api/products
[2024-10-25T18:23:32.999Z] Response: 304 
[2024-10-25T18:23:38.292Z] POST /api/orders
[2024-10-25T18:23:38.292Z] Response: 201 {"orderNumber":"ORD1729880618677","user":"671bdee464037d2c87d1cbe6","createdBy":"petrica","items":[{"product":{"_id":"671a32bdd291d11dd21327eb","name":"Shower Curtains Set","nameEs":"Set de Cortinas de Baño","price":11.42,"category":"Bathroom","createdAt":"2024-10-24T11:42:53.664Z","__v":0},"name":"Shower Curtains Set","quantity":2,"price":11.42,"_id":"671be22a3028b1d5639c12c1"}],"total":22.84,"_id":"671be22a3028b1d5639c12c0","createdAt":"2024-10-25T18:23:38.687Z","__v":0}
[2024-10-25T18:23:39.144Z] GET /api/orders
[2024-10-25T18:23:39.144Z] Response: 200 [{"_id":"671be22a3028b1d5639c12c0","orderNumber":"ORD1729880618677","user":{"_id":"671bdee464037d2c87d1cbe6"},"createdBy":"petrica","items":[{"product":{"_id":"671a32bdd291d11dd21327eb","name":"Shower Curtains Set","nameEs":"Set de Cortinas de Baño","price":11.42,"category":"Bathroom","createdAt":"2024-10-24T11:42:53.664Z","__v":0},"name":"Shower Curtains Set","quantity":2,"price":11.42,"_id":"671be22a3028b1d5639c12c1"}],"total":22.84,"createdAt":"2024-10-25T18:23:38.687Z","__v":0},{"_id":"671bdefe64037d2c87d1cbff","orderNumber":"ORD1729879806366","user":{"_id":"671bdee464037d2c87d1cbe6"},"createdBy":"System User","items":[{"product":{"_id":"671a32bdd291d11dd21327e8","name":"Bed Skirt King","nameEs":"Volante de Cama King","price":20.57,"category":"Bed Skirts","createdAt":"2024-10-24T11:42:53.664Z","__v":0},"name":"Bed Skirt King","quantity":1,"price":20.57,"_id":"671bdefe64037d2c87d1cc00"},{"product":{"_id":"671a32bdd291d11dd21327eb","name":"Shower Curtains Set","nameEs":"Set de Cortinas de Baño","price":11.42,"category":"Bathroom","createdAt":"2024-10-24T11:42:53.664Z","__v":0},"name":"Shower Curtains Set","quantity":3,"price":11.42,"_id":"671bdefe64037d2c87d1cc01"}],"total":54.83,"status":"pending","createdAt":"2024-10-25T18:10:06.376Z","updatedAt":"2024-10-25T18:10:06.376Z","__v":0}]
[2024-10-25T18:23:39.731Z] GET /api/orders
[2024-10-25T18:23:39.731Z] Response: 304 
[2024-10-25T18:23:45.604Z] GET /api/products
[2024-10-25T18:23:45.604Z] Response: 304 
[2024-10-25T18:23:45.997Z] GET /api/products
[2024-10-25T18:23:45.997Z] Response: 304 
[2024-10-25T18:31:38.649Z] GET /api/products
[2024-10-25T18:31:38.649Z] Response: 304 
[2024-10-25T18:31:39.059Z] GET /api/products
[2024-10-25T18:31:39.059Z] Response: 304 
[2024-10-25T18:31:51.551Z] GET /api/products
[2024-10-25T18:31:51.551Z] Response: 304 
[2024-10-25T18:31:51.939Z] GET /api/products
[2024-10-25T18:31:51.939Z] Response: 304 
[2024-10-25T18:32:58.313Z] GET /api/products
[2024-10-25T18:32:58.313Z] Response: 304 
[2024-10-25T18:32:58.740Z] GET /api/products
[2024-10-25T18:32:58.740Z] Response: 304 
[2024-10-25T18:33:47.258Z] GET /api/products
[2024-10-25T18:33:47.258Z] Response: 304 
[2024-10-25T18:33:47.656Z] GET /api/products
[2024-10-25T18:33:47.656Z] Response: 304 
[2024-10-25T18:33:49.749Z] GET /api/products
[2024-10-25T18:33:49.749Z] Response: 304 
[2024-10-25T18:33:50.132Z] GET /api/products
[2024-10-25T18:33:50.132Z] Response: 304 
[2024-10-25T18:33:58.135Z] GET /api/products
[2024-10-25T18:33:58.135Z] Response: 304 
[2024-10-25T18:33:58.527Z] GET /api/products
[2024-10-25T18:33:58.527Z] Response: 304 
[2024-10-25T18:42:11.618Z] GET /api/products
[2024-10-25T18:42:11.618Z] Response: 304 
[2024-10-25T18:42:18.643Z] GET /api/products
[2024-10-25T18:42:18.643Z] Response: 304 
[2024-10-25T18:42:19.097Z] GET /api/products
[2024-10-25T18:42:19.097Z] Response: 304 
[2024-10-25T18:47:00.617Z] GET /api/products
[2024-10-25T18:47:00.617Z] Response: 304 
[2024-10-25T18:47:03.339Z] GET /api/products
[2024-10-25T18:47:03.339Z] Response: 304 
[2024-10-25T18:47:03.734Z] GET /api/products
[2024-10-25T18:47:03.734Z] Response: 304 
[2024-10-25T18:47:24.677Z] GET /api/products
[2024-10-25T18:47:24.677Z] Response: 304 
[2024-10-25T18:47:25.060Z] GET /api/products
[2024-10-25T18:47:25.060Z] Response: 304 
[2024-10-25T18:47:59.150Z] GET /api/products
[2024-10-25T18:47:59.150Z] Response: 304 
[2024-10-25T18:47:59.543Z] GET /api/products
[2024-10-25T18:47:59.543Z] Response: 304 
[2024-10-25T18:48:49.923Z] GET /api/products
[2024-10-25T18:48:49.923Z] Response: 304 
[2024-10-25T18:50:38.826Z] GET /api/products
[2024-10-25T18:50:38.826Z] Response: 304 
[2024-10-25T18:50:39.209Z] GET /api/products
[2024-10-25T18:50:39.209Z] Response: 304 
[2024-10-25T18:53:10.730Z] POST /api/orders
[2024-10-25T18:53:10.730Z] Response: 201 {"orderNumber":"ORD1729882391117","user":"671bdee464037d2c87d1cbe6","createdBy":"petrica","items":[{"product":{"_id":"671a32bdd291d11dd21327eb","name":"Shower Curtains Set","nameEs":"Set de Cortinas de Baño","price":11.42,"category":"Bathroom","createdAt":"2024-10-24T11:42:53.664Z","__v":0},"name":"Shower Curtains Set","quantity":1,"price":11.42,"_id":"671be9173028b1d5639c130d"},{"product":{"_id":"671a32bdd291d11dd21327e8","name":"Bed Skirt King","nameEs":"Volante de Cama King","price":20.57,"category":"Bed Skirts","createdAt":"2024-10-24T11:42:53.664Z","__v":0},"name":"Bed Skirt King","quantity":2,"price":20.57,"_id":"671be9173028b1d5639c130e"},{"product":{"_id":"671a32bdd291d11dd21327ea","name":"Bed Skirt Twin","nameEs":"Volante de Cama Twin","price":14.28,"category":"Bed Skirts","createdAt":"2024-10-24T11:42:53.664Z","__v":0},"name":"Bed Skirt Twin","quantity":1,"price":14.28,"_id":"671be9173028b1d5639c130f"}],"total":66.84,"_id":"671be9173028b1d5639c130c","createdAt":"2024-10-25T18:53:11.126Z","__v":0}
[2024-10-25T18:53:11.578Z] GET /api/orders
[2024-10-25T18:53:11.578Z] Response: 200 [{"_id":"671be9173028b1d5639c130c","orderNumber":"ORD1729882391117","user":{"_id":"671bdee464037d2c87d1cbe6"},"createdBy":"petrica","items":[{"product":{"_id":"671a32bdd291d11dd21327eb","name":"Shower Curtains Set","nameEs":"Set de Cortinas de Baño","price":11.42,"category":"Bathroom","createdAt":"2024-10-24T11:42:53.664Z","__v":0},"name":"Shower Curtains Set","quantity":1,"price":11.42,"_id":"671be9173028b1d5639c130d"},{"product":{"_id":"671a32bdd291d11dd21327e8","name":"Bed Skirt King","nameEs":"Volante de Cama King","price":20.57,"category":"Bed Skirts","createdAt":"2024-10-24T11:42:53.664Z","__v":0},"name":"Bed Skirt King","quantity":2,"price":20.57,"_id":"671be9173028b1d5639c130e"},{"product":{"_id":"671a32bdd291d11dd21327ea","name":"Bed Skirt Twin","nameEs":"Volante de Cama Twin","price":14.28,"category":"Bed Skirts","createdAt":"2024-10-24T11:42:53.664Z","__v":0},"name":"Bed Skirt Twin","quantity":1,"price":14.28,"_id":"671be9173028b1d5639c130f"}],"total":66.84,"createdAt":"2024-10-25T18:53:11.126Z","__v":0},{"_id":"671be22a3028b1d5639c12c0","orderNumber":"ORD1729880618677","user":{"_id":"671bdee464037d2c87d1cbe6"},"createdBy":"petrica","items":[{"product":{"_id":"671a32bdd291d11dd21327eb","name":"Shower Curtains Set","nameEs":"Set de Cortinas de Baño","price":11.42,"category":"Bathroom","createdAt":"2024-10-24T11:42:53.664Z","__v":0},"name":"Shower Curtains Set","quantity":2,"price":11.42,"_id":"671be22a3028b1d5639c12c1"}],"total":22.84,"createdAt":"2024-10-25T18:23:38.687Z","__v":0},{"_id":"671bdefe64037d2c87d1cbff","orderNumber":"ORD1729879806366","user":{"_id":"671bdee464037d2c87d1cbe6"},"createdBy":"System User","items":[{"product":{"_id":"671a32bdd291d11dd21327e8","name":"Bed Skirt King","nameEs":"Volante de Cama King","price":20.57,"category":"Bed Skirts","createdAt":"2024-10-24T11:42:53.664Z","__v":0},"name":"Bed Skirt King","quantity":1,"price":20.57,"_id":"671bdefe64037d2c87d1cc00"},{"product":{"_id":"671a32bdd291d11dd21327eb","name":"Shower Curtains Set","nameEs":"Set de Cortinas de Baño","price":11.42,"category":"Bathroom","createdAt":"2024-10-24T11:42:53.664Z","__v":0},"name":"Shower Curtains Set","quantity":3,"price":11.42,"_id":"671bdefe64037d2c87d1cc01"}],"total":54.83,"status":"pending","createdAt":"2024-10-25T18:10:06.376Z","updatedAt":"2024-10-25T18:10:06.376Z","__v":0}]
[2024-10-25T18:53:12.157Z] GET /api/orders
[2024-10-25T18:53:12.157Z] Response: 304 
[2024-10-25T18:53:19.750Z] GET /api/orders/671be9173028b1d5639c130c
[2024-10-25T18:53:19.750Z] Response: 200 {"_id":"671be9173028b1d5639c130c","orderNumber":"ORD1729882391117","user":{"_id":"671bdee464037d2c87d1cbe6"},"createdBy":"petrica","items":[{"product":{"_id":"671a32bdd291d11dd21327eb","name":"Shower Curtains Set","nameEs":"Set de Cortinas de Baño","price":11.42,"category":"Bathroom","createdAt":"2024-10-24T11:42:53.664Z","__v":0},"name":"Shower Curtains Set","quantity":1,"price":11.42,"_id":"671be9173028b1d5639c130d"},{"product":{"_id":"671a32bdd291d11dd21327e8","name":"Bed Skirt King","nameEs":"Volante de Cama King","price":20.57,"category":"Bed Skirts","createdAt":"2024-10-24T11:42:53.664Z","__v":0},"name":"Bed Skirt King","quantity":2,"price":20.57,"_id":"671be9173028b1d5639c130e"},{"product":{"_id":"671a32bdd291d11dd21327ea","name":"Bed Skirt Twin","nameEs":"Volante de Cama Twin","price":14.28,"category":"Bed Skirts","createdAt":"2024-10-24T11:42:53.664Z","__v":0},"name":"Bed Skirt Twin","quantity":1,"price":14.28,"_id":"671be9173028b1d5639c130f"}],"total":66.84,"createdAt":"2024-10-25T18:53:11.126Z","__v":0}
[2024-10-25T18:53:20.384Z] GET /api/orders/671be9173028b1d5639c130c
[2024-10-25T18:53:20.384Z] Response: 304 
[2024-10-25T18:53:29.354Z] GET /api/orders
[2024-10-25T18:53:29.354Z] Response: 304 
[2024-10-25T18:53:29.942Z] GET /api/orders
[2024-10-25T18:53:29.942Z] Response: 304 
[2024-10-25T18:53:32.714Z] GET /api/orders/671be9173028b1d5639c130c/export
[2024-10-25T18:53:32.714Z] Response: 200 "orderNumber","name","createdBy","productName","quantity","price","totalPrice","category"
"ORD1729882391117","N/A","petrica","Shower Curtains Set",1,11.42,11.42,"Bathroom"
"ORD1729882391117","N/A","petrica","Bed Skirt King",2,20.57,41.14,"Bed Skirts"
"ORD1729882391117","N/A","petrica","Bed Skirt Twin",1,14.28,14.28,"Bed Skirts"
[2024-10-25T18:54:32.601Z] GET /api/products
[2024-10-25T18:54:32.601Z] Response: 304 
[2024-10-25T18:54:33.006Z] GET /api/products
[2024-10-25T18:54:33.006Z] Response: 304 
[2024-10-25T18:54:37.162Z] GET /api/orders
[2024-10-25T18:54:37.162Z] Response: 304 
[2024-10-25T18:54:37.754Z] GET /api/orders
[2024-10-25T18:54:37.754Z] Response: 304 
[2024-10-25T18:54:40.267Z] GET /api/products
[2024-10-25T18:54:40.267Z] Response: 304 
[2024-10-25T18:54:40.665Z] GET /api/products
[2024-10-25T18:54:40.665Z] Response: 304 
[2024-10-25T18:57:41.620Z] GET /api/products
[2024-10-25T18:57:41.620Z] Response: 304 
[2024-10-25T18:57:46.638Z] GET /api/products
[2024-10-25T18:57:46.638Z] Response: 304 
[2024-10-25T19:00:07.637Z] GET /api/products
[2024-10-25T19:00:07.637Z] Response: 304 
[2024-10-25T19:01:43.626Z] GET /api/products
[2024-10-25T19:01:43.626Z] Response: 304 
[2024-10-25T19:04:18.476Z] GET /api/products
[2024-10-25T19:04:18.476Z] Response: 304 
[2024-10-25T19:09:24.598Z] GET /api/products
[2024-10-25T19:09:24.598Z] Response: 304 
[2024-10-25T19:10:35.959Z] GET /api/products
[2024-10-25T19:10:35.959Z] Response: 304 
[2024-10-25T19:10:36.412Z] GET /api/products
[2024-10-25T19:10:36.412Z] Response: 304 
[2024-10-25T19:14:51.054Z] GET /api/products
[2024-10-25T19:14:51.054Z] Response: 304 
